G99-TS300: START
G99-TS300-LOG2: TID = 1, task0 entering
G99-TS300-LOG: Test[0]-[1]: TID=1, Creating mailbox.
G99-TS300-LOG: Test[0]-[1]: result = 1.
k_tsk_create: entering...
task = 0x1000377c, task_entry = 0x2cb5, prio=128, stack_size = 512
G99-TS300-LOG: Test[0]-[0]: task1: creating a HIGH prio task that runs task2 function.
G99-TS300-LOG: Test[0]-[0]: result = 1.
k_tsk_create: entering...
task = 0x1000377d, task_entry = 0x2eb1, prio=130, stack_size = 512
G99-TS300-LOG: Test[0]-[1]: task1: creating a LOW prio task that runs task3 function.
G99-TS300-LOG: Test[0]-[1]: result = 1.
G99-TS300-LOG: Test[0]-[2]: TID=1, Creating mailbox.
G99-TS300-LOG: Test[0]-[2]: result = 1.
G99-TS300-LOG2: TID = 1, task0: setting priority to LOW
k_tsk_set_prio: entering...
task_id = 1, prio = 130.
G99-TS300-LOG2: TID = 2, task1: entering
G99-TS300-LOG: Test[0]-[3]: TID = 2, task1: Sending message of 50 bytes to TID=1.
G99-TS300-LOG: Test[0]-[3]: result = 1.
G99-TS300-LOG2: TID = 2, task0: calling tsk_yield()
G99-TS300-LOG2: TID = 3, task2: entering
k_tsk_set_prio: entering...
task_id = 2, prio = 130.
G99-TS300-LOG: Test[0]-[4]: TID = 3, task2: setting TID=1 to prio LOW.
G99-TS300-LOG: Test[0]-[4]: result = 1.
G99-TS300-LOG2: TID = 4, task3: entering
G99-TS300-LOG: Test[0]-[5]: TID = 1, task0: setting priority of TID=1 to LOW
.
G99-TS300-LOG: Test[0]-[5]: result = 1.
G99-TS300-LOG2: TID = 4, task0: setting priority to LOW
k_tsk_set_prio: entering...
task_id = 3, prio = 130.
G99-TS300-LOG: Test[0]-[6]: TID = 1, task0: setting priority of TID=3 to LOW
.
G99-TS300-LOG: Test[0]-[6]: result = 1.
G99-TS300-LOG2: TID = 2, task2: calling tsk_exit()
k_tsk_exiting TID=2...
G99-TS300-LOG: Test[0]-[7]: TID = 4, task3: Sending message of 14 bytes to TID=1.
G99-TS300-LOG: Test[0]-[7]: result = 1.
G99-TS300-LOG2: TID = 4, task3: calling mem_dealloc
G99-TS300-LOG2: TID = 4, task3: exiting...
k_tsk_exiting TID=4...
G99-TS300-LOG: Test[0]-[8]: TID = 3, task2: Sending message of 20 bytes to TID=1.
G99-TS300-LOG: Test[0]-[8]: result = 1.
G99-TS300-LOG2: TID = 3, task2: calling mem_dealloc
G99-TS300-LOG2: TID = 3, task2: exiting...
k_tsk_exiting TID=3...
G99-TS300-LOG: Test[0]-[9]: Checking receive message status.
G99-TS300-LOG: Test[0]-[9]: result = 1.
G99-TS300-LOG: Test[0]-[10]: Checking received header data.
G99-TS300-LOG: Test[0]-[10]: result = 1.
G99-TS300-LOG: Test[0]-[11]: Checking final mailbox size.
G99-TS300-LOG: Test[0]-[11]: result = 1.
G99-TS300-LOG: real exec order: 1 -> 2 -> 3 -> 4 -> 1 -> 1 -> 2 -> 4 -> 3 -> NIL
G99-TS300-LOG: expt exec order: 1 -> 2 -> 3 -> 4 -> 1 -> 1 -> 2 -> 4 -> 3 -> NIL
G99-TS300-LOG: Test[1]-[0]: checking execution shortfalls.
G99-TS300-LOG: Test[1]-[0]: result = 1.
G99-TS300-LOG: Test[1]-[1]: checking unexpected execution once.
G99-TS300-LOG: Test[1]-[1]: result = 1.
G99-TS300-LOG: Test[1]-[2]: checking unexpected execution twice.
G99-TS300-LOG: Test[1]-[2]: result = 1.
G99-TS300-LOG: Test[1]-[3]: checking correct number of executions.
G99-TS300-LOG: Test[1]-[3]: result = 1.
G99-TS300-LOG: Test[1]-[4]: checking execution sequence @ 0.
G99-TS300-LOG: Test[1]-[4]: result = 1.
G99-TS300-LOG: Test[1]-[5]: checking execution sequence @ 1.
G99-TS300-LOG: Test[1]-[5]: result = 1.
G99-TS300-LOG: Test[1]-[6]: checking execution sequence @ 2.
G99-TS300-LOG: Test[1]-[6]: result = 1.
G99-TS300-LOG: Test[1]-[7]: checking execution sequence @ 3.
G99-TS300-LOG: Test[1]-[7]: result = 1.
G99-TS300-LOG: Test[1]-[8]: checking execution sequence @ 4.
G99-TS300-LOG: Test[1]-[8]: result = 1.
G99-TS300-LOG: Test[1]-[9]: checking execution sequence @ 5.
G99-TS300-LOG: Test[1]-[9]: result = 1.
G99-TS300-LOG: Test[1]-[10]: checking execution sequence @ 6.
G99-TS300-LOG: Test[1]-[10]: result = 1.
G99-TS300-LOG: Test[1]-[11]: checking execution sequence @ 7.
G99-TS300-LOG: Test[1]-[11]: result = 1.
G99-TS300-LOG: Test[1]-[12]: checking execution sequence @ 8.
G99-TS300-LOG: Test[1]-[12]: result = 1.
G99-TS300: FINISHED
G99-TS300-LOG: Test 0: 12/12 PASSED. Expected = 0xFFF, result = 0xFFF
G99-TS300-LOG: Test 1: 13/13 PASSED. Expected = 0x1FFF, result = 0x1FFF
G99-TS300: 2/2 test function(s) COMPLETED.
G99-TS300: 25/25 tests PASSED.
G99-TS300: 0/25 tests FAILED.
G99-TS300: END
